Arguments: 
  /opt/homebrew/Cellar/node@16/16.17.0/bin/node /Users/fabcall/.yarn/bin/yarn.js install --force

PATH: 
  /opt/homebrew/opt/node@16/bin:/Users/fabcall/.yarn/bin:/Users/fabcall/.config/yarn/global/node_modules/.bin:/Users/fabcall/.asdf/shims:/Users/fabcall/.asdf/bin:/opt/homebrew/bin:/opt/homebrew/sbin:/usr/local/bin:/usr/bin:/bin:/usr/sbin:/sbin:/Users/fabcall/.bin:/Users/fabcall/.bin.local:/usr/local/sbin:./bin:/opt/homebrew/opt/node@16/bin:/Users/fabcall/.yarn/bin:/Users/fabcall/.config/yarn/global/node_modules/.bin:/opt/homebrew/bin:/opt/homebrew/sbin

Yarn version: 
  1.22.19

Node version: 
  16.17.0

Platform: 
  darwin arm64

Trace: 
  SyntaxError: /Users/fabcall/Documents/dev/projects/Shi-Fu-Mi/package.json: Unexpected token } in JSON at position 220
      at JSON.parse (<anonymous>)
      at /Users/fabcall/.yarn/lib/cli.js:1629:59
      at Generator.next (<anonymous>)
      at step (/Users/fabcall/.yarn/lib/cli.js:310:30)
      at /Users/fabcall/.yarn/lib/cli.js:321:13

npm manifest: 
  {
    "name": "Shi-Fu-Mi",
    "version": "1.0.0",
    "description": "",
    "main": "./src/index.js",
    "license": "MIT",
    "scripts": {
      "start IA": "node ./src/index.js",
      "start 2P": "node ./src/playerVsPlayer.js",
    },
    "devDependencies": {
      "eslint": "7.7.0",
      "eslint-config-prettier": "6.11.0",
      "eslint-plugin-prettier": "3.1.4",
      "prettier": "2.1.1"
    },
    "eslintConfig": {
      "root": true,
      "parserOptions": {
        "ecmaVersion": 2020,
        "sourceType": "module"
      },
      "extends": [
        "eslint:recommended",
        "prettier"
      ],
      "env": {
        "browser": true,
        "node": true,
        "es6": true
      },
      "ignorePatterns": [
        "node_modules/",
        "*.test.js",
        "src.sample/*"
      ],
      "rules": {
        "indent": [
          "error",
          2,
          {
            "SwitchCase": 1,
            "ObjectExpression": 1
          }
        ],
        "linebreak-style": [
          "error",
          "unix"
        ],
        "quotes": [
          "error",
          "double"
        ],
        "semi": [
          "error",
          "always"
        ],
        "no-var": "error",
        "no-console": 0,
        "no-unused-vars": 0,
        "no-template-curly-in-string": "warn",
        "array-callback-return": "error",
        "no-global-assign": "error",
        "no-implied-eval": "error",
        "no-param-reassign": "error",
        "no-return-assign": "error",
        "no-self-compare": "error",
        "no-sequences": "error"
      }
    }
  }

yarn manifest: 
  No manifest

Lockfile: 
  # THIS IS AN AUTOGENERATED FILE. DO NOT EDIT THIS FILE DIRECTLY.
  # yarn lockfile v1
